<?xml version="1.0" encoding="UTF-8"?>
<coverage generated="1772227354380" clover="3.2.0">
  <project timestamp="1772227354380" name="All files">
    <metrics statements="17" coveredstatements="15" conditionals="6" coveredconditionals="4" methods="7" coveredmethods="7" elements="30" coveredelements="26" complexity="0" loc="17" ncloc="17" packages="1" files="7" classes="7"/>
    <file name="bowman.js" path="C:\Users\ilya1\OneDrive\Рабочий стол\Учёба python\JavaScript\character\src\js\bowman.js">
      <metrics statements="1" coveredstatements="1" conditionals="0" coveredconditionals="0" methods="1" coveredmethods="1"/>
      <line num="5" count="1" type="stmt"/>
    </file>
    <file name="character.js" path="C:\Users\ilya1\OneDrive\Рабочий стол\Учёба python\JavaScript\character\src\js\character.js">
      <metrics statements="11" coveredstatements="9" conditionals="6" coveredconditionals="4" methods="1" coveredmethods="1"/>
      <line num="1" count="1" type="stmt"/>
      <line num="5" count="6" type="stmt"/>
      <line num="6" count="6" type="stmt"/>
      <line num="7" count="6" type="stmt"/>
      <line num="8" count="6" type="stmt"/>
      <line num="9" count="6" type="stmt"/>
      <line num="10" count="6" type="stmt"/>
      <line num="11" count="6" type="cond" truecount="3" falsecount="1"/>
      <line num="12" count="0" type="stmt"/>
      <line num="14" count="6" type="cond" truecount="1" falsecount="1"/>
      <line num="15" count="0" type="stmt"/>
    </file>
    <file name="daemon.js" path="C:\Users\ilya1\OneDrive\Рабочий стол\Учёба python\JavaScript\character\src\js\daemon.js">
      <metrics statements="1" coveredstatements="1" conditionals="0" coveredconditionals="0" methods="1" coveredmethods="1"/>
      <line num="5" count="1" type="stmt"/>
    </file>
    <file name="magician.js" path="C:\Users\ilya1\OneDrive\Рабочий стол\Учёба python\JavaScript\character\src\js\magician.js">
      <metrics statements="1" coveredstatements="1" conditionals="0" coveredconditionals="0" methods="1" coveredmethods="1"/>
      <line num="5" count="1" type="stmt"/>
    </file>
    <file name="swordsman.js" path="C:\Users\ilya1\OneDrive\Рабочий стол\Учёба python\JavaScript\character\src\js\swordsman.js">
      <metrics statements="1" coveredstatements="1" conditionals="0" coveredconditionals="0" methods="1" coveredmethods="1"/>
      <line num="5" count="1" type="stmt"/>
    </file>
    <file name="undead.js" path="C:\Users\ilya1\OneDrive\Рабочий стол\Учёба python\JavaScript\character\src\js\undead.js">
      <metrics statements="1" coveredstatements="1" conditionals="0" coveredconditionals="0" methods="1" coveredmethods="1"/>
      <line num="5" count="1" type="stmt"/>
    </file>
    <file name="zombie.js" path="C:\Users\ilya1\OneDrive\Рабочий стол\Учёба python\JavaScript\character\src\js\zombie.js">
      <metrics statements="1" coveredstatements="1" conditionals="0" coveredconditionals="0" methods="1" coveredmethods="1"/>
      <line num="5" count="1" type="stmt"/>
    </file>
  </project>
</coverage>
