<?xml version="1.0" encoding="UTF-8"?>
<coverage generated="1772225906564" clover="3.2.0">
  <project timestamp="1772225906564" name="All files">
    <metrics statements="26" coveredstatements="24" conditionals="10" coveredconditionals="8" methods="9" coveredmethods="9" elements="45" coveredelements="41" complexity="0" loc="26" ncloc="26" packages="1" files="7" classes="7"/>
    <file name="bowman.js" path="C:\Users\ilya1\OneDrive\Рабочий стол\Учёба python\JavaScript\character\src\css\js\bowman.js">
      <metrics statements="1" coveredstatements="1" conditionals="0" coveredconditionals="0" methods="1" coveredmethods="1"/>
      <line num="5" count="1" type="stmt"/>
    </file>
    <file name="character.js" path="C:\Users\ilya1\OneDrive\Рабочий стол\Учёба python\JavaScript\character\src\css\js\character.js">
      <metrics statements="20" coveredstatements="18" conditionals="10" coveredconditionals="8" methods="3" coveredmethods="3"/>
      <line num="1" count="1" type="stmt"/>
      <line num="5" count="10" type="stmt"/>
      <line num="6" count="10" type="stmt"/>
      <line num="7" count="10" type="stmt"/>
      <line num="8" count="10" type="stmt"/>
      <line num="9" count="10" type="stmt"/>
      <line num="10" count="10" type="stmt"/>
      <line num="11" count="10" type="cond" truecount="3" falsecount="1"/>
      <line num="12" count="0" type="stmt"/>
      <line num="14" count="10" type="cond" truecount="1" falsecount="1"/>
      <line num="15" count="0" type="stmt"/>
      <line num="20" count="2" type="cond" truecount="2" falsecount="0"/>
      <line num="21" count="1" type="stmt"/>
      <line num="22" count="1" type="stmt"/>
      <line num="23" count="1" type="stmt"/>
      <line num="24" count="1" type="stmt"/>
      <line num="26" count="1" type="stmt"/>
      <line num="31" count="2" type="stmt"/>
      <line num="32" count="2" type="cond" truecount="2" falsecount="0"/>
      <line num="33" count="1" type="stmt"/>
    </file>
    <file name="daemon.js" path="C:\Users\ilya1\OneDrive\Рабочий стол\Учёба python\JavaScript\character\src\css\js\daemon.js">
      <metrics statements="1" coveredstatements="1" conditionals="0" coveredconditionals="0" methods="1" coveredmethods="1"/>
      <line num="5" count="1" type="stmt"/>
    </file>
    <file name="magician.js" path="C:\Users\ilya1\OneDrive\Рабочий стол\Учёба python\JavaScript\character\src\css\js\magician.js">
      <metrics statements="1" coveredstatements="1" conditionals="0" coveredconditionals="0" methods="1" coveredmethods="1"/>
      <line num="5" count="1" type="stmt"/>
    </file>
    <file name="swordsman.js" path="C:\Users\ilya1\OneDrive\Рабочий стол\Учёба python\JavaScript\character\src\css\js\swordsman.js">
      <metrics statements="1" coveredstatements="1" conditionals="0" coveredconditionals="0" methods="1" coveredmethods="1"/>
      <line num="5" count="1" type="stmt"/>
    </file>
    <file name="undead.js" path="C:\Users\ilya1\OneDrive\Рабочий стол\Учёба python\JavaScript\character\src\css\js\undead.js">
      <metrics statements="1" coveredstatements="1" conditionals="0" coveredconditionals="0" methods="1" coveredmethods="1"/>
      <line num="5" count="1" type="stmt"/>
    </file>
    <file name="zombie.js" path="C:\Users\ilya1\OneDrive\Рабочий стол\Учёба python\JavaScript\character\src\css\js\zombie.js">
      <metrics statements="1" coveredstatements="1" conditionals="0" coveredconditionals="0" methods="1" coveredmethods="1"/>
      <line num="5" count="1" type="stmt"/>
    </file>
  </project>
</coverage>
