{"C:\\Users\\ilya1\\OneDrive\\Рабочий стол\\Учёба python\\JavaScript\\character\\src\\css\\js\\bowman.js": {"path":"C:\\Users\\ilya1\\OneDrive\\Рабочий стол\\Учёба python\\JavaScript\\character\\src\\css\\js\\bowman.js","statementMap":{"0":{"start":{"line":5,"column":12},"end":{"line":5,"column":42}}},"fnMap":{"0":{"name":"(anonymous_0)","decl":{"start":{"line":4,"column":8},"end":{"line":4,"column":9}},"loc":{"start":{"line":4,"column":26},"end":{"line":6,"column":9}},"line":4}},"branchMap":{},"s":{"0":1},"f":{"0":1},"b":{},"_coverageSchema":"1a1c01bbd47fc00a2c39e90264f33305004495a9","hash":"de1fb338e7047ad9b46dc2d1e6fac0de6e6fb9ad"}
,"C:\\Users\\ilya1\\OneDrive\\Рабочий стол\\Учёба python\\JavaScript\\character\\src\\css\\js\\character.js": {"path":"C:\\Users\\ilya1\\OneDrive\\Рабочий стол\\Учёба python\\JavaScript\\character\\src\\css\\js\\character.js","statementMap":{"0":{"start":{"line":1,"column":14},"end":{"line":1,"column":79}},"1":{"start":{"line":5,"column":8},"end":{"line":5,"column":25}},"2":{"start":{"line":6,"column":8},"end":{"line":6,"column":25}},"3":{"start":{"line":7,"column":8},"end":{"line":7,"column":26}},"4":{"start":{"line":8,"column":8},"end":{"line":8,"column":23}},"5":{"start":{"line":9,"column":8},"end":{"line":9,"column":29}},"6":{"start":{"line":10,"column":8},"end":{"line":10,"column":31}},"7":{"start":{"line":11,"column":8},"end":{"line":13,"column":9}},"8":{"start":{"line":12,"column":12},"end":{"line":12,"column":66}},"9":{"start":{"line":14,"column":8},"end":{"line":16,"column":9}},"10":{"start":{"line":15,"column":12},"end":{"line":15,"column":58}}},"fnMap":{"0":{"name":"(anonymous_0)","decl":{"start":{"line":4,"column":4},"end":{"line":4,"column":5}},"loc":{"start":{"line":4,"column":45},"end":{"line":18,"column":5}},"line":4}},"branchMap":{"0":{"loc":{"start":{"line":11,"column":8},"end":{"line":13,"column":9}},"type":"if","locations":[{"start":{"line":11,"column":8},"end":{"line":13,"column":9}},{"start":{},"end":{}}],"line":11},"1":{"loc":{"start":{"line":11,"column":11},"end":{"line":11,"column":46}},"type":"binary-expr","locations":[{"start":{"line":11,"column":11},"end":{"line":11,"column":26}},{"start":{"line":11,"column":30},"end":{"line":11,"column":46}}],"line":11},"2":{"loc":{"start":{"line":14,"column":8},"end":{"line":16,"column":9}},"type":"if","locations":[{"start":{"line":14,"column":8},"end":{"line":16,"column":9}},{"start":{},"end":{}}],"line":14}},"s":{"0":1,"1":6,"2":6,"3":6,"4":6,"5":6,"6":6,"7":6,"8":0,"9":6,"10":0},"f":{"0":6},"b":{"0":[0,6],"1":[6,6],"2":[0,6]},"_coverageSchema":"1a1c01bbd47fc00a2c39e90264f33305004495a9","hash":"ceaa5c03971522497d95e601af5539c570fb64e4"}
,"C:\\Users\\ilya1\\OneDrive\\Рабочий стол\\Учёба python\\JavaScript\\character\\src\\css\\js\\daemon.js": {"path":"C:\\Users\\ilya1\\OneDrive\\Рабочий стол\\Учёба python\\JavaScript\\character\\src\\css\\js\\daemon.js","statementMap":{"0":{"start":{"line":5,"column":12},"end":{"line":5,"column":42}}},"fnMap":{"0":{"name":"(anonymous_0)","decl":{"start":{"line":4,"column":8},"end":{"line":4,"column":9}},"loc":{"start":{"line":4,"column":26},"end":{"line":6,"column":9}},"line":4}},"branchMap":{},"s":{"0":1},"f":{"0":1},"b":{},"_coverageSchema":"1a1c01bbd47fc00a2c39e90264f33305004495a9","hash":"9247800b29ff2d9f6d4a38965cd632fa23bf32a5"}
,"C:\\Users\\ilya1\\OneDrive\\Рабочий стол\\Учёба python\\JavaScript\\character\\src\\css\\js\\magician.js": {"path":"C:\\Users\\ilya1\\OneDrive\\Рабочий стол\\Учёба python\\JavaScript\\character\\src\\css\\js\\magician.js","statementMap":{"0":{"start":{"line":5,"column":12},"end":{"line":5,"column":44}}},"fnMap":{"0":{"name":"(anonymous_0)","decl":{"start":{"line":4,"column":8},"end":{"line":4,"column":9}},"loc":{"start":{"line":4,"column":26},"end":{"line":6,"column":9}},"line":4}},"branchMap":{},"s":{"0":1},"f":{"0":1},"b":{},"_coverageSchema":"1a1c01bbd47fc00a2c39e90264f33305004495a9","hash":"cc56531e533ba87b8f38681067c6b38d858977d0"}
,"C:\\Users\\ilya1\\OneDrive\\Рабочий стол\\Учёба python\\JavaScript\\character\\src\\css\\js\\swordsman.js": {"path":"C:\\Users\\ilya1\\OneDrive\\Рабочий стол\\Учёба python\\JavaScript\\character\\src\\css\\js\\swordsman.js","statementMap":{"0":{"start":{"line":5,"column":12},"end":{"line":5,"column":45}}},"fnMap":{"0":{"name":"(anonymous_0)","decl":{"start":{"line":4,"column":8},"end":{"line":4,"column":9}},"loc":{"start":{"line":4,"column":26},"end":{"line":6,"column":9}},"line":4}},"branchMap":{},"s":{"0":1},"f":{"0":1},"b":{},"_coverageSchema":"1a1c01bbd47fc00a2c39e90264f33305004495a9","hash":"28858ab42b290221e3fb89bd306d78d39188a71a"}
,"C:\\Users\\ilya1\\OneDrive\\Рабочий стол\\Учёба python\\JavaScript\\character\\src\\css\\js\\undead.js": {"path":"C:\\Users\\ilya1\\OneDrive\\Рабочий стол\\Учёба python\\JavaScript\\character\\src\\css\\js\\undead.js","statementMap":{"0":{"start":{"line":5,"column":12},"end":{"line":5,"column":42}}},"fnMap":{"0":{"name":"(anonymous_0)","decl":{"start":{"line":4,"column":8},"end":{"line":4,"column":9}},"loc":{"start":{"line":4,"column":26},"end":{"line":6,"column":9}},"line":4}},"branchMap":{},"s":{"0":1},"f":{"0":1},"b":{},"_coverageSchema":"1a1c01bbd47fc00a2c39e90264f33305004495a9","hash":"358aef71c2b066457859e07a1e151c6ead4cc8b3"}
,"C:\\Users\\ilya1\\OneDrive\\Рабочий стол\\Учёба python\\JavaScript\\character\\src\\css\\js\\zombie.js": {"path":"C:\\Users\\ilya1\\OneDrive\\Рабочий стол\\Учёба python\\JavaScript\\character\\src\\css\\js\\zombie.js","statementMap":{"0":{"start":{"line":5,"column":12},"end":{"line":5,"column":42}}},"fnMap":{"0":{"name":"(anonymous_0)","decl":{"start":{"line":4,"column":8},"end":{"line":4,"column":9}},"loc":{"start":{"line":4,"column":26},"end":{"line":6,"column":9}},"line":4}},"branchMap":{},"s":{"0":1},"f":{"0":1},"b":{},"_coverageSchema":"1a1c01bbd47fc00a2c39e90264f33305004495a9","hash":"814c61a56c5881a828824964a7f091566302b313"}
}
