{"C:\\Users\\ilya1\\OneDrive\\Рабочий стол\\Учёба python\\JavaScript\\character\\src\\js\\bowman.js": {"path":"C:\\Users\\ilya1\\OneDrive\\Рабочий стол\\Учёба python\\JavaScript\\character\\src\\js\\bowman.js","statementMap":{"0":{"start":{"line":5,"column":12},"end":{"line":5,"column":42}}},"fnMap":{"0":{"name":"(anonymous_0)","decl":{"start":{"line":4,"column":8},"end":{"line":4,"column":9}},"loc":{"start":{"line":4,"column":26},"end":{"line":6,"column":9}},"line":4}},"branchMap":{},"s":{"0":1},"f":{"0":1},"b":{},"_coverageSchema":"1a1c01bbd47fc00a2c39e90264f33305004495a9","hash":"0b801e34a96704401a1c5635aa3662ff3cb409dc"}
,"C:\\Users\\ilya1\\OneDrive\\Рабочий стол\\Учёба python\\JavaScript\\character\\src\\js\\character.js": {"path":"C:\\Users\\ilya1\\OneDrive\\Рабочий стол\\Учёба python\\JavaScript\\character\\src\\js\\character.js","statementMap":{"0":{"start":{"line":1,"column":14},"end":{"line":1,"column":79}},"1":{"start":{"line":5,"column":8},"end":{"line":5,"column":25}},"2":{"start":{"line":6,"column":8},"end":{"line":6,"column":25}},"3":{"start":{"line":7,"column":8},"end":{"line":7,"column":26}},"4":{"start":{"line":8,"column":8},"end":{"line":8,"column":23}},"5":{"start":{"line":9,"column":8},"end":{"line":9,"column":29}},"6":{"start":{"line":10,"column":8},"end":{"line":10,"column":31}},"7":{"start":{"line":11,"column":8},"end":{"line":13,"column":9}},"8":{"start":{"line":12,"column":12},"end":{"line":12,"column":66}},"9":{"start":{"line":14,"column":8},"end":{"line":16,"column":9}},"10":{"start":{"line":15,"column":12},"end":{"line":15,"column":58}}},"fnMap":{"0":{"name":"(anonymous_0)","decl":{"start":{"line":4,"column":4},"end":{"line":4,"column":5}},"loc":{"start":{"line":4,"column":45},"end":{"line":18,"column":5}},"line":4}},"branchMap":{"0":{"loc":{"start":{"line":11,"column":8},"end":{"line":13,"column":9}},"type":"if","locations":[{"start":{"line":11,"column":8},"end":{"line":13,"column":9}},{"start":{},"end":{}}],"line":11},"1":{"loc":{"start":{"line":11,"column":11},"end":{"line":11,"column":46}},"type":"binary-expr","locations":[{"start":{"line":11,"column":11},"end":{"line":11,"column":26}},{"start":{"line":11,"column":30},"end":{"line":11,"column":46}}],"line":11},"2":{"loc":{"start":{"line":14,"column":8},"end":{"line":16,"column":9}},"type":"if","locations":[{"start":{"line":14,"column":8},"end":{"line":16,"column":9}},{"start":{},"end":{}}],"line":14}},"s":{"0":1,"1":6,"2":6,"3":6,"4":6,"5":6,"6":6,"7":6,"8":0,"9":6,"10":0},"f":{"0":6},"b":{"0":[0,6],"1":[6,6],"2":[0,6]},"_coverageSchema":"1a1c01bbd47fc00a2c39e90264f33305004495a9","hash":"dc914f36c914ac34e8f6ad3e88437ee8d6a248c0"}
,"C:\\Users\\ilya1\\OneDrive\\Рабочий стол\\Учёба python\\JavaScript\\character\\src\\js\\daemon.js": {"path":"C:\\Users\\ilya1\\OneDrive\\Рабочий стол\\Учёба python\\JavaScript\\character\\src\\js\\daemon.js","statementMap":{"0":{"start":{"line":5,"column":12},"end":{"line":5,"column":42}}},"fnMap":{"0":{"name":"(anonymous_0)","decl":{"start":{"line":4,"column":8},"end":{"line":4,"column":9}},"loc":{"start":{"line":4,"column":26},"end":{"line":6,"column":9}},"line":4}},"branchMap":{},"s":{"0":1},"f":{"0":1},"b":{},"_coverageSchema":"1a1c01bbd47fc00a2c39e90264f33305004495a9","hash":"7eb8038491769ca791c9515704036527e8d58399"}
,"C:\\Users\\ilya1\\OneDrive\\Рабочий стол\\Учёба python\\JavaScript\\character\\src\\js\\magician.js": {"path":"C:\\Users\\ilya1\\OneDrive\\Рабочий стол\\Учёба python\\JavaScript\\character\\src\\js\\magician.js","statementMap":{"0":{"start":{"line":5,"column":12},"end":{"line":5,"column":44}}},"fnMap":{"0":{"name":"(anonymous_0)","decl":{"start":{"line":4,"column":8},"end":{"line":4,"column":9}},"loc":{"start":{"line":4,"column":26},"end":{"line":6,"column":9}},"line":4}},"branchMap":{},"s":{"0":1},"f":{"0":1},"b":{},"_coverageSchema":"1a1c01bbd47fc00a2c39e90264f33305004495a9","hash":"794ed2c9aafdfd31dfe6df87c58601f8e61f168e"}
,"C:\\Users\\ilya1\\OneDrive\\Рабочий стол\\Учёба python\\JavaScript\\character\\src\\js\\swordsman.js": {"path":"C:\\Users\\ilya1\\OneDrive\\Рабочий стол\\Учёба python\\JavaScript\\character\\src\\js\\swordsman.js","statementMap":{"0":{"start":{"line":5,"column":12},"end":{"line":5,"column":45}}},"fnMap":{"0":{"name":"(anonymous_0)","decl":{"start":{"line":4,"column":8},"end":{"line":4,"column":9}},"loc":{"start":{"line":4,"column":26},"end":{"line":6,"column":9}},"line":4}},"branchMap":{},"s":{"0":1},"f":{"0":1},"b":{},"_coverageSchema":"1a1c01bbd47fc00a2c39e90264f33305004495a9","hash":"b51a4b51ec87b04cdf0cb42592cc30780cc8b0f3"}
,"C:\\Users\\ilya1\\OneDrive\\Рабочий стол\\Учёба python\\JavaScript\\character\\src\\js\\undead.js": {"path":"C:\\Users\\ilya1\\OneDrive\\Рабочий стол\\Учёба python\\JavaScript\\character\\src\\js\\undead.js","statementMap":{"0":{"start":{"line":5,"column":12},"end":{"line":5,"column":42}}},"fnMap":{"0":{"name":"(anonymous_0)","decl":{"start":{"line":4,"column":8},"end":{"line":4,"column":9}},"loc":{"start":{"line":4,"column":26},"end":{"line":6,"column":9}},"line":4}},"branchMap":{},"s":{"0":1},"f":{"0":1},"b":{},"_coverageSchema":"1a1c01bbd47fc00a2c39e90264f33305004495a9","hash":"8ef09eeaa2875b2c117093fb5da9a4981570fd86"}
,"C:\\Users\\ilya1\\OneDrive\\Рабочий стол\\Учёба python\\JavaScript\\character\\src\\js\\zombie.js": {"path":"C:\\Users\\ilya1\\OneDrive\\Рабочий стол\\Учёба python\\JavaScript\\character\\src\\js\\zombie.js","statementMap":{"0":{"start":{"line":5,"column":12},"end":{"line":5,"column":42}}},"fnMap":{"0":{"name":"(anonymous_0)","decl":{"start":{"line":4,"column":8},"end":{"line":4,"column":9}},"loc":{"start":{"line":4,"column":26},"end":{"line":6,"column":9}},"line":4}},"branchMap":{},"s":{"0":1},"f":{"0":1},"b":{},"_coverageSchema":"1a1c01bbd47fc00a2c39e90264f33305004495a9","hash":"42a0afec984e14ce8ef1c669922685c2c41cf8d3"}
}
